  Log.cpp
  bibl.cpp
  fly_runge.cpp
  fly_runge_func.cpp
  mat_model.cpp
mat_model.cpp(9): warning C4996: 'fopen': This function or variable may be unsafe. Consider using fopen_s instead. To disable deprecation, use _CRT_SECURE_NO_WARNINGS. See online help for details.
  C:\Program Files (x86)\Windows Kits\10\Include\10.0.14393.0\ucrt\stdio.h(207): note:  см. объявление "fopen"
mat_model.cpp(30): warning C4996: 'fopen': This function or variable may be unsafe. Consider using fopen_s instead. To disable deprecation, use _CRT_SECURE_NO_WARNINGS. See online help for details.
  C:\Program Files (x86)\Windows Kits\10\Include\10.0.14393.0\ucrt\stdio.h(207): note:  см. объявление "fopen"
  runge.cpp
  runge_body_func.cpp
  runge_func.cpp
  xz.cpp
     Создается библиотека D:\GitHab\lunar\fiz2d\fiz2d\x64\Release\fiz2d.lib и объект D:\GitHab\lunar\fiz2d\fiz2d\x64\Release\fiz2d.exp
  Создание кода
  11 of 52 functions (21.2%) were compiled, the rest were copied from previous compilation.
    1 functions were new in current compilation
    1 functions had inline decision re-evaluated but remain unchanged
  Создание кода завершено
  fiz2d.vcxproj -> D:\GitHab\lunar\fiz2d\fiz2d\x64\Release\fiz2d.dll
